System Dimensions and Properties
--------------------------------------------------------------------------------
Box_dim (Å):
  Full matrix: [30.9600, 35.8633, 9.1899, 0.0000, 0.0000, 0.3380, 0.0000, -1.6969, -0.7273]
Cell parameters:
  a, b, c (Å): 30.9600, 35.8649, 9.3735
  α, β, γ (°): 94.5480, 100.4298, 89.4600
  Volume: 10203.8012 Å³
System properties:
  Total mass: 17252.2326 amu
  Density: 2.8076 g/cm³

Box_dim and Cell explanations:
  Box_dim: A 1D array of box dimensions, typically in Angstroms.
          For orthogonal boxes: [Lx, Ly, Lz]
          For triclinic boxes: [Lx, Ly, Lz, xy, xz, yz] or [Lx, Ly, Lz, α, β, γ]
  Cell: A 1×6 array with cell parameters [a, b, c, α, β, γ]
        where a, b, c are lengths and α, β, γ are angles in degrees.
--------------------------------------------------------------------------------

Total charge: -16.0000000

Unique Atom Types and Their Coordination Environment
--------------------------------------------------------------------------------
Type       Count  Neighbors                     Charge
--------------------------------------------------------------------------------
Alo        32     OhOhOmgOmgOpOp               1.78200
Alo        32     OhOhOpOpOpOp                 1.78200
Alo        16     OhmgOhmgOpOpOpOp             1.78200
H          64     Oh                           0.40000
H          32     Ohmg                         0.40000
Mgo        16     OhmgOhmgOmgOmgOmgOmg         1.56200
Ob         288    SitSit                      -0.94200
Oh         64     AloAloH                     -0.99400
Ohmg       32     AloHMgo                     -1.12400
Omg        64     AloMgoSit                   -1.19500
Op         128    AloAloSit                   -1.06500
Sit        64     ObObObOmg                    1.88400
Sit        128    ObObObOp                     1.88400
--------------------------------------------------------------------------------

Detailed Atom Type Statistics with Standard Deviations
--------------------------------------------------------------------------------
Type       Count  Coord#           Bond Dist (Å)        Angle (°)           
--------------------------------------------------------------------------------
Alo        80     6.00 ± 0.00      1.9111 ± 0.0362      105.484 ± 30.960    
H          96     1.00 ± 0.00      0.9507 ± 0.0050      123.401 ± 1.185 (H-O-M)
Mgo        16     6.00 ± 0.00      1.9111 ± 0.0364      105.483 ± 31.009    
Ob         288    2.00 ± 0.00      1.6124 ± 0.0244      136.040 ± 6.768     
Oh         64     3.00 ± 0.00      1.5852 ± 0.4505      116.342 ± 10.063    
Ohmg       32     3.00 ± 0.00      1.5854 ± 0.4512      116.334 ± 10.078    
Omg        64     3.00 ± 0.00      1.8232 ± 0.1348      117.808 ± 11.128    
Op         128    3.00 ± 0.00      1.8232 ± 0.1346      117.807 ± 11.114    
Sit        192    4.00 ± 0.00      1.6190 ± 0.0241      109.456 ± 1.744     
--------------------------------------------------------------------------------

Bond Statistics for Unique Atom Type Pairs
--------------------------------------------------------------------------------
Bond Pair                 Count    Distance (Å)        
--------------------------------------------------------------------------------
Alo-Oh                    256      1.9027 ± 0.0233
Alo-Ohmg                  64       1.9022 ± 0.0233
Alo-Omg                   128      1.9155 ± 0.0406
Alo-Op                    512      1.9153 ± 0.0406
H-Oh                      128      0.9504 ± 0.0050
H-Ohmg                    64       0.9512 ± 0.0050
Mgo-Ohmg                  64       1.9028 ± 0.0231
Mgo-Omg                   128      1.9153 ± 0.0408
Ob-Sit                    1152     1.6124 ± 0.0244
Omg-Sit                   128      1.6389 ± 0.0015
Op-Sit                    256      1.6389 ± 0.0016
--------------------------------------------------------------------------------

Angle Statistics for Unique Atom Type Triplets
--------------------------------------------------------------------------------
Angle Triplet             Count    Angle (°)           
--------------------------------------------------------------------------------
Alo-Oh-Alo                64       102.213 ± 0.085
Alo-Oh-H                  128      123.407 ± 1.177
Alo-Ohmg-H                32       123.425 ± 1.241
Alo-Ohmg-Mgo              32       102.224 ± 0.093
Alo-Omg-Mgo               64       102.844 ± 0.643
Alo-Omg-Sit               64       125.302 ± 4.120
Alo-Op-Alo                128      102.841 ± 0.631
Alo-Op-Sit                256      125.290 ± 4.085
H-Ohmg-Mgo                32       123.351 ± 1.200
Mgo-Omg-Sit               64       125.277 ± 4.106
Ob-Sit-Ob                 576      109.627 ± 1.033
Ob-Sit-Omg                192      109.283 ± 2.228
Ob-Sit-Op                 384      109.286 ± 2.231
Oh-Alo-Oh                 64       77.787 ± 0.096
Oh-Alo-Omg                128      112.255 ± 31.274
Oh-Alo-Op                 384      112.281 ± 31.198
Ohmg-Alo-Ohmg             16       77.790 ± 0.082
Ohmg-Alo-Op               128      112.278 ± 31.264
Ohmg-Mgo-Ohmg             16       77.761 ± 0.119
Ohmg-Mgo-Omg              128      112.282 ± 31.268
Omg-Alo-Omg               32       77.152 ± 0.647
Omg-Alo-Op                128      113.009 ± 30.259
Omg-Mgo-Omg               96       101.038 ± 30.006
Op-Alo-Op                 320      98.651 ± 29.259
Sit-Ob-Sit                288      136.040 ± 6.768
--------------------------------------------------------------------------------

