                       :-) GROMACS - gmx mdrun, 2023 (-:

Copyright 1991-2023 The GROMACS Authors.
GROMACS is free software; you can redistribute it and/or modify it
under the terms of the GNU Lesser General Public License
as published by the Free Software Foundation; either version 2.1
of the License, or (at your option) any later version.

                         Current GROMACS contributors:
       Mark Abraham           Andrey Alekseenko           Cathrine Bergh      
      Christian Blau            Eliane Briand             Mahesh Doijade      
    Stefan Fleischmann           Vytas Gapsys              Gaurav Garg        
      Sergey Gorelov         Gilles Gouaillardet            Alan Gray         
     M. Eric Irrgang         Farzaneh Jalalypour            Joe Jordan        
    Christoph Junghans        Prashanth Kanduri          Sebastian Keller     
     Carsten Kutzner           Justin A. Lemkul          Magnus Lundborg      
       Pascal Merz              Vedran Miletic            Dmitry Morozov      
       Szilard Pall             Roland Schulz             Michael Shirts      
     Alexey Shvetsov            Balint Soproni         David van der Spoel    
      Philip Turner             Carsten Uphoff           Alessandra Villa     
 Sebastian Wingbermuehle        Artem Zhmurov       

                         Previous GROMACS contributors:
        Emile Apol             Rossen Apostolov           James Barnett       
  Herman J.C. Berendsen          Par Bjelkmar           Viacheslav Bolnykh    
        Kevin Boyd            Aldert van Buuren          Carlo Camilloni      
     Rudi van Drunen            Anton Feenstra           Oliver Fleetwood     
     Gerrit Groenhof            Bert de Groot             Anca Hamuraru       
    Vincent Hindriksen          Victor Holanda           Aleksei Iupinov      
   Dimitrios Karkoulis           Peter Kasson             Sebastian Kehl      
        Jiri Kraus               Per Larsson              Viveca Lindahl      
      Erik Marklund           Pieter Meulenhoff           Teemu Murtola       
       Sander Pronk             Alfons Sijbers            Peter Tieleman      
       Jon Vincent             Teemu Virolainen         Christian Wennberg    
       Maarten Wolf       

                  Coordinated by the GROMACS project leaders:
                    Paul Bauer, Berk Hess, and Erik Lindahl

GROMACS:      gmx mdrun, version 2023
Executable:   /usr/local/gromacs-2023/bin/gmx
Data prefix:  /usr/local/gromacs-2023
Working dir:  /Users/miho0052/Dropbox/MATLAB/Matlab_scripts/functions/atom/ATOM_scripts_lecture/INTERFACE_CTAB/gmx_CTABMMT/NPT
Process ID:   68255
Command line:
  gmx mdrun -v -deffnm npt

GROMACS version:    2023
Precision:          mixed
Memory model:       64 bit
MPI library:        thread_mpi
OpenMP support:     enabled (GMX_OPENMP_MAX_THREADS = 128)
GPU support:        OpenCL
NB cluster size:    8
SIMD instructions:  ARM_NEON_ASIMD
CPU FFT library:    fftw-3.3.8
GPU FFT library:    VkFFT internal (1.2.26-b15cb0ca3e884bdb6c901a12d87aa8aadf7637d8) with OpenCL backend
Multi-GPU FFT:      none
TNG support:        enabled
Hwloc support:      disabled
Tracing support:    disabled
C compiler:         /usr/bin/gcc AppleClang 14.0.3.14030022
C compiler flags:   -Wno-missing-field-initializers -fno-stack-check -fno-stack-check -O3 -DNDEBUG
C++ compiler:       /usr/bin/g++ AppleClang 14.0.3.14030022
C++ compiler flags: -Wno-reserved-identifier -Wno-missing-field-initializers -fno-stack-check -fno-stack-check -Weverything -Wno-c++98-compat -Wno-c++98-compat-pedantic -Wno-source-uses-openmp -Wno-c++17-extensions -Wno-documentation-unknown-command -Wno-covered-switch-default -Wno-switch-enum -Wno-extra-semi-stmt -Wno-weak-vtables -Wno-shadow -Wno-padded -Wno-reserved-id-macro -Wno-double-promotion -Wno-exit-time-destructors -Wno-global-constructors -Wno-documentation -Wno-format-nonliteral -Wno-used-but-marked-unused -Wno-float-equal -Wno-conditional-uninitialized -Wno-conversion -Wno-disabled-macro-expansion -Wno-unused-macros -Wno-unsafe-buffer-usage -Wno-unused-parameter -Wno-unused-variable -Wno-newline-eof -Wno-old-style-cast -Wno-zero-as-null-pointer-constant -Wno-unused-but-set-variable -Wno-sign-compare SHELL:-Xpreprocessor -fopenmp -I/opt/homebrew/opt/libomp/include -O3 -DNDEBUG
BLAS library:       External - detected on the system
LAPACK library:     External - detected on the system
OpenCL include dir: /Applications/Xcode.app/Contents/Developer/Platforms/MacOSX.platform/Developer/SDKs/MacOSX13.3.sdk/System/Library/Frameworks/OpenCL.framework
OpenCL library:     /Applications/Xcode.app/Contents/Developer/Platforms/MacOSX.platform/Developer/SDKs/MacOSX13.3.sdk/System/Library/Frameworks/OpenCL.framework
OpenCL version:     1.2


Running on 1 node with total 0 processing units, 1 compatible GPU
Hardware detected on host miho0052s-MBP.lan:
  CPU info:
    Vendor: ARM
    Brand:  Unknown CPU brand
    Family: 0   Model: 0   Stepping: 0
    Features: neon neon_asimd
  Hardware topology: Only logical processor count
    CPU limit set by OS: -1   Recommended max number of threads: 12
  GPU info:
    Number of GPUs detected: 1
    #0: name: Apple M2 Max, vendor: Apple, device version: OpenCL 1.2 , status: compatible


++++ PLEASE READ AND CITE THE FOLLOWING REFERENCE ++++
M. J. Abraham, T. Murtola, R. Schulz, S. Páll, J. C. Smith, B. Hess, E.
Lindahl
GROMACS: High performance molecular simulations through multi-level
parallelism from laptops to supercomputers
SoftwareX 1 (2015) pp. 19-25
-------- -------- --- Thank You --- -------- --------


++++ PLEASE READ AND CITE THE FOLLOWING REFERENCE ++++
S. Páll, M. J. Abraham, C. Kutzner, B. Hess, E. Lindahl
Tackling Exascale Software Challenges in Molecular Dynamics Simulations with
GROMACS
In S. Markidis & E. Laure (Eds.), Solving Software Challenges for Exascale 8759 (2015) pp. 3-27
-------- -------- --- Thank You --- -------- --------


++++ PLEASE READ AND CITE THE FOLLOWING REFERENCE ++++
S. Pronk, S. Páll, R. Schulz, P. Larsson, P. Bjelkmar, R. Apostolov, M. R.
Shirts, J. C. Smith, P. M. Kasson, D. van der Spoel, B. Hess, and E. Lindahl
GROMACS 4.5: a high-throughput and highly parallel open source molecular
simulation toolkit
Bioinformatics 29 (2013) pp. 845-54
-------- -------- --- Thank You --- -------- --------


++++ PLEASE READ AND CITE THE FOLLOWING REFERENCE ++++
B. Hess and C. Kutzner and D. van der Spoel and E. Lindahl
GROMACS 4: Algorithms for highly efficient, load-balanced, and scalable
molecular simulation
J. Chem. Theory Comput. 4 (2008) pp. 435-447
-------- -------- --- Thank You --- -------- --------


++++ PLEASE READ AND CITE THE FOLLOWING REFERENCE ++++
D. van der Spoel, E. Lindahl, B. Hess, G. Groenhof, A. E. Mark and H. J. C.
Berendsen
GROMACS: Fast, Flexible and Free
J. Comp. Chem. 26 (2005) pp. 1701-1719
-------- -------- --- Thank You --- -------- --------


++++ PLEASE READ AND CITE THE FOLLOWING REFERENCE ++++
E. Lindahl and B. Hess and D. van der Spoel
GROMACS 3.0: A package for molecular simulation and trajectory analysis
J. Mol. Mod. 7 (2001) pp. 306-317
-------- -------- --- Thank You --- -------- --------


++++ PLEASE READ AND CITE THE FOLLOWING REFERENCE ++++
H. J. C. Berendsen, D. van der Spoel and R. van Drunen
GROMACS: A message-passing parallel molecular dynamics implementation
Comp. Phys. Comm. 91 (1995) pp. 43-56
-------- -------- --- Thank You --- -------- --------


++++ PLEASE CITE THE DOI FOR THIS VERSION OF GROMACS ++++
https://doi.org/10.5281/zenodo.7588619
-------- -------- --- Thank You --- -------- --------

Multiple energy groups is not implemented for GPUs, falling back to the CPU. For better performance, run on the GPU without energy groups and then do gmx mdrun -rerun option on the trajectory with an energy group .tpr file.
Input Parameters:
   integrator                     = md
   tinit                          = 0
   dt                             = 0.001
   nsteps                         = 50000
   init-step                      = 0
   simulation-part                = 1
   mts                            = false
   comm-mode                      = Linear
   nstcomm                        = 1000
   bd-fric                        = 0
   ld-seed                        = 1572202491
   emtol                          = 10
   emstep                         = 0.01
   niter                          = 20
   fcstep                         = 0
   nstcgsteep                     = 1000
   nbfgscorr                      = 10
   rtpi                           = 0.05
   nstxout                        = 0
   nstvout                        = 0
   nstfout                        = 0
   nstlog                         = 100
   nstcalcenergy                  = 100
   nstenergy                      = 100
   nstxout-compressed             = 10000
   compressed-x-precision         = 1000
   cutoff-scheme                  = Verlet
   nstlist                        = 20
   pbc                            = xyz
   periodic-molecules             = true
   verlet-buffer-tolerance        = 0.005
   rlist                          = 1.2
   coulombtype                    = PME
   coulomb-modifier               = Potential-shift
   rcoulomb-switch                = 0
   rcoulomb                       = 1.2
   epsilon-r                      = 1
   epsilon-rf                     = inf
   vdw-type                       = Cut-off
   vdw-modifier                   = Force-switch
   rvdw-switch                    = 1
   rvdw                           = 1.2
   DispCorr                       = No
   table-extension                = 1
   fourierspacing                 = 0.16
   fourier-nx                     = 20
   fourier-ny                     = 24
   fourier-nz                     = 84
   pme-order                      = 4
   ewald-rtol                     = 1e-05
   ewald-rtol-lj                  = 0.001
   lj-pme-comb-rule               = Geometric
   ewald-geometry                 = 3d
   epsilon-surface                = 0
   ensemble-temperature-setting   = constant
   ensemble-temperature           = 298
   tcoupl                         = V-rescale
   nsttcouple                     = 100
   nh-chain-length                = 0
   print-nose-hoover-chain-variables = false
   pcoupl                         = Berendsen
   pcoupltype                     = Anisotropic
   nstpcouple                     = 100
   tau-p                          = 2
   compressibility (3x3):
      compressibility[    0]={ 0.00000e+00,  0.00000e+00,  0.00000e+00}
      compressibility[    1]={ 0.00000e+00,  4.50000e-05,  0.00000e+00}
      compressibility[    2]={ 0.00000e+00,  0.00000e+00,  0.00000e+00}
   ref-p (3x3):
      ref-p[    0]={ 1.00000e+00,  0.00000e+00,  0.00000e+00}
      ref-p[    1]={ 0.00000e+00,  1.00000e+00,  0.00000e+00}
      ref-p[    2]={ 0.00000e+00,  0.00000e+00,  1.00000e+00}
   refcoord-scaling               = COM
   posres-com (3):
      posres-com[0]= 0.00000e+00
      posres-com[1]= 0.00000e+00
      posres-com[2]= 0.00000e+00
   posres-comB (3):
      posres-comB[0]= 0.00000e+00
      posres-comB[1]= 0.00000e+00
      posres-comB[2]= 0.00000e+00
   QMMM                           = false
qm-opts:
   ngQM                           = 0
   constraint-algorithm           = Lincs
   continuation                   = true
   Shake-SOR                      = false
   shake-tol                      = 0.0001
   lincs-order                    = 4
   lincs-iter                     = 1
   lincs-warnangle                = 30
   nwall                          = 0
   wall-type                      = 9-3
   wall-r-linpot                  = -1
   wall-atomtype[0]               = -1
   wall-atomtype[1]               = -1
   wall-density[0]                = 0
   wall-density[1]                = 0
   wall-ewald-zfac                = 3
   pull                           = false
   awh                            = false
   rotation                       = false
   interactiveMD                  = false
   disre                          = No
   disre-weighting                = Conservative
   disre-mixed                    = false
   dr-fc                          = 1000
   dr-tau                         = 0
   nstdisreout                    = 100
   orire-fc                       = 0
   orire-tau                      = 0
   nstorireout                    = 100
   free-energy                    = no
   cos-acceleration               = 0
   deform (3x3):
      deform[    0]={ 0.00000e+00,  0.00000e+00,  0.00000e+00}
      deform[    1]={ 0.00000e+00,  0.00000e+00,  0.00000e+00}
      deform[    2]={ 0.00000e+00,  0.00000e+00,  0.00000e+00}
   simulated-tempering            = false
   swapcoords                     = no
   userint1                       = 0
   userint2                       = 0
   userint3                       = 0
   userint4                       = 0
   userreal1                      = 0
   userreal2                      = 0
   userreal3                      = 0
   userreal4                      = 0
   applied-forces:
     electric-field:
       x:
         E0                       = 0
         omega                    = 0
         t0                       = 0
         sigma                    = 0
       y:
         E0                       = 0
         omega                    = 0
         t0                       = 0
         sigma                    = 0
       z:
         E0                       = 0
         omega                    = 0
         t0                       = 0
         sigma                    = 0
     density-guided-simulation:
       active                     = false
       group                      = protein
       similarity-measure         = inner-product
       atom-spreading-weight      = unity
       force-constant             = 1e+09
       gaussian-transform-spreading-width = 0.2
       gaussian-transform-spreading-range-in-multiples-of-width = 4
       reference-density-filename = reference.mrc
       nst                        = 1
       normalize-densities        = true
       adaptive-force-scaling     = false
       adaptive-force-scaling-time-constant = 4
       shift-vector               = 
       transformation-matrix      = 
     qmmm-cp2k:
       active                     = false
       qmgroup                    = System
       qmmethod                   = PBE
       qmfilenames                = 
       qmcharge                   = 0
       qmmultiplicity             = 1
grpopts:
   nrdf:     31912.4
   ref-t:         298
   tau-t:           2
annealing:          No
annealing-npoints:           0
   acc:	           0           0           0
   nfreeze:           N           N           N
   energygrp-flags[  0]: 0 0 0 0
   energygrp-flags[  1]: 0 0 0 0
   energygrp-flags[  2]: 0 0 0 0
   energygrp-flags[  3]: 0 0 0 0

Changing nstlist from 20 to 100, rlist from 1.2 to 1.29


Update groups can not be used for this system because atoms that are (in)directly constrained together are interdispersed with other atoms

Update task can not run on the GPU, because the following condition(s) were not satisfied:

Domain decomposition is only supported with constraints when update groups are used. This means constraining all bonds is not supported, except for small molecules, and box sizes close to half the pair-list cutoff are not supported.
 Either PME or short-ranged non-bonded interaction tasks must run on the GPU.
Only CUDA and SYCL builds are supported.
The number of coupled constraints is higher than supported in the GPU LINCS code.
Chosen GPU implementation does not support constraints.

Initializing Domain Decomposition on 12 ranks
Dynamic load balancing: auto
Minimum cell size due to atom displacement: 0.467 nm
NOTE: Periodic molecules are present in this system. Because of this, the domain decomposition algorithm cannot easily determine the minimum cell size that it requires for treating bonded interactions. Instead, domain decomposition will assume that half the non-bonded cut-off will be a suitable lower bound.
Minimum cell size due to bonded interactions: 0.645 nm
Maximum distance for 5 constraints, at 120 deg. angles, all-trans: 0.222 nm
Estimated maximum distance required for P-LINCS: 0.222 nm
Scaling the initial minimum size with 1/0.8 (option -dds) = 1.25
Using 0 separate PME ranks because: there are too few total ranks for efficient splitting
Optimizing the DD grid for 12 cells with a minimum initial size of 0.806 nm
The maximum allowed number of cells is: X 3 Y 4 Z 16
Domain decomposition grid 1 x 2 x 6, separate PME ranks 0
PME domain decomposition: 1 x 12 x 1
Domain decomposition rank 0, coordinates 0 0 0

The initial number of communication pulses is: Y 1 Z 1
The initial domain decomposition cell size is: Y 1.80 nm Z 2.20 nm

The maximum allowed distance for atoms involved in interactions is:
                 non-bonded interactions           1.290 nm
(the following are initial values, they could change due to box deformation)
            two-body bonded interactions  (-rdd)   1.290 nm
          multi-body bonded interactions  (-rdd)   1.290 nm
  atoms separated by up to 5 constraints  (-rcon)  1.803 nm

When dynamic load balancing gets turned on, these settings will change to:
The maximum number of communication pulses is: Y 1 Z 1
The minimum size for domain decomposition cells is 1.290 nm
The requested allowed shrink of DD cells (option -dds) is: 0.80
The allowed shrink of domain decomposition cells is: Y 0.72 Z 0.59
The maximum allowed distance for atoms involved in interactions is:
                 non-bonded interactions           1.290 nm
            two-body bonded interactions  (-rdd)   1.290 nm
          multi-body bonded interactions  (-rdd)   1.290 nm
  atoms separated by up to 5 constraints  (-rcon)  1.290 nm

Using 12 MPI threads
Using 1 OpenMP thread per tMPI thread

System total charge: 0.000
Will do PME sum in reciprocal space for electrostatic interactions.

++++ PLEASE READ AND CITE THE FOLLOWING REFERENCE ++++
U. Essmann, L. Perera, M. L. Berkowitz, T. Darden, H. Lee and L. G. Pedersen 
A smooth particle mesh Ewald method
J. Chem. Phys. 103 (1995) pp. 8577-8592
-------- -------- --- Thank You --- -------- --------

Using a Gaussian width (1/beta) of 0.384195 nm for Ewald
Potential shift: LJ r^-12: -2.648e-01 r^-6: -5.349e-01, Ewald -8.333e-06
Initialized non-bonded Coulomb Ewald tables, spacing: 1.02e-03 size: 1176

Generated table with 1145 data points for 1-4 COUL.
Tabscale = 500 points/nm
Generated table with 1145 data points for 1-4 LJ6.
Tabscale = 500 points/nm
Generated table with 1145 data points for 1-4 LJ12.
Tabscale = 500 points/nm


Using SIMD 4x4 nonbonded short-range kernels

Using a dual 4x4 pair-list setup updated with dynamic pruning:
  outer list: updated every 100 steps, buffer 0.090 nm, rlist 1.290 nm
  inner list: updated every  25 steps, buffer 0.001 nm, rlist 1.201 nm
At tolerance 0.005 kJ/mol/ps per atom, equivalent classical 1x1 list would be:
  outer list: updated every 100 steps, buffer 0.218 nm, rlist 1.418 nm
  inner list: updated every  25 steps, buffer 0.049 nm, rlist 1.249 nm

Linking all bonded interactions to atoms


Initializing Parallel LINear Constraint Solver

++++ PLEASE READ AND CITE THE FOLLOWING REFERENCE ++++
B. Hess
P-LINCS: A Parallel Linear Constraint Solver for molecular simulation
J. Chem. Theory Comput. 4 (2008) pp. 116-122
-------- -------- --- Thank You --- -------- --------

The number of constraints is 864
There are constraints between atoms in different decomposition domains,
will communicate selected coordinates each lincs iteration

++++ PLEASE READ AND CITE THE FOLLOWING REFERENCE ++++
S. Miyamoto and P. A. Kollman
SETTLE: An Analytical Version of the SHAKE and RATTLE Algorithms for Rigid
Water Models
J. Comp. Chem. 13 (1992) pp. 952-962
-------- -------- --- Thank You --- -------- --------


Intra-simulation communication will occur every 100 steps.

++++ PLEASE READ AND CITE THE FOLLOWING REFERENCE ++++
G. Bussi, D. Donadio and M. Parrinello
Canonical sampling through velocity rescaling
J. Chem. Phys. 126 (2007) pp. 014101
-------- -------- --- Thank You --- -------- --------

There are: 14928 Atoms
Atom distribution over 12 domains: av 1244 stddev 56 min 1146 max 1313
Center of mass motion removal mode is Linear
We have the following groups for center of mass motion removal:
  0:  MMT_1
  1:  MMT_2
  2:  non-MMT

Started mdrun on rank 0 Thu Nov 16 23:51:20 2023

           Step           Time
              0        0.00000

   Energies (kJ/mol)
           Bond          Angle            U-B    Proper Dih.          LJ-14
    2.91516e+04    8.27248e+03    1.44788e+03    7.65137e+02   -8.88258e+00
     Coulomb-14        LJ (SR)   Coulomb (SR)   Coul. recip.      Potential
   -1.78358e+04    1.46659e+04   -1.53704e+06    1.72438e+03   -1.49886e+06
    Kinetic En.   Total Energy  Conserved En.    Temperature Pressure (bar)
    7.45810e+04   -1.42428e+06   -1.42424e+06    5.62166e+02    2.76195e+03
   Constr. rmsd
    1.27505e-06


DD  step 99 load imb.: force 16.6%
           Step           Time
            100        0.10000

   Energies (kJ/mol)
           Bond          Angle            U-B    Proper Dih.          LJ-14
    2.95919e+04    8.32865e+03    1.47777e+03    7.76300e+02   -9.31166e+00
     Coulomb-14        LJ (SR)   Coulomb (SR)   Coul. recip.      Potential
   -1.77786e+04    1.29517e+04   -1.52791e+06    1.69188e+03   -1.49088e+06
    Kinetic En.   Total Energy  Conserved En.    Temperature Pressure (bar)
    3.78820e+04   -1.45300e+06   -1.44974e+06    2.85541e+02   -2.56178e+03
   Constr. rmsd
    1.16042e-06


DD  step 199 load imb.: force 11.3%
           Step           Time
            200        0.20000

   Energies (kJ/mol)
           Bond          Angle            U-B    Proper Dih.          LJ-14
    3.01149e+04    8.71863e+03    1.49682e+03    8.83505e+02   -8.25498e-01
     Coulomb-14        LJ (SR)   Coulomb (SR)   Coul. recip.      Potential
   -1.78138e+04    1.22942e+04   -1.52833e+06    1.59739e+03   -1.49104e+06
    Kinetic En.   Total Energy  Conserved En.    Temperature Pressure (bar)
    3.79987e+04   -1.45304e+06   -1.44986e+06    2.86421e+02   -2.29370e+03
   Constr. rmsd
    1.32926e-06


DD  step 299 load imb.: force 13.2%

step 300 Turning on dynamic load balancing, because the performance loss due to load imbalance is 3.8 %.
           Step           Time
            300        0.30000

   Energies (kJ/mol)
           Bond          Angle            U-B    Proper Dih.          LJ-14
    3.13221e+04    8.83967e+03    1.51066e+03    9.36948e+02    1.30193e+01
     Coulomb-14        LJ (SR)   Coulomb (SR)   Coul. recip.      Potential
   -1.77753e+04    1.25608e+04   -1.53007e+06    1.63458e+03   -1.49103e+06
    Kinetic En.   Total Energy  Conserved En.    Temperature Pressure (bar)
    3.80008e+04   -1.45303e+06   -1.44987e+06    2.86437e+02   -1.14030e+03
   Constr. rmsd
    1.19072e-06


DD  step 399  vol min/aver 0.932  load imb.: force 13.0%
           Step           Time
            400        0.40000

   Energies (kJ/mol)
           Bond          Angle            U-B    Proper Dih.          LJ-14
    3.18488e+04    9.15092e+03    1.55681e+03    9.34317e+02    4.76424e+00
     Coulomb-14        LJ (SR)   Coulomb (SR)   Coul. recip.      Potential
   -1.78536e+04    1.34136e+04   -1.53224e+06    1.69220e+03   -1.49149e+06
    Kinetic En.   Total Energy  Conserved En.    Temperature Pressure (bar)
    3.84421e+04   -1.45305e+06   -1.44989e+06    2.89763e+02   -5.71120e+02
   Constr. rmsd
    1.21560e-06


DD  step 499  vol min/aver 0.929  load imb.: force  5.8%
           Step           Time
            500        0.50000

   Energies (kJ/mol)
           Bond          Angle            U-B    Proper Dih.          LJ-14
    3.14182e+04    9.48173e+03    1.56996e+03    8.87511e+02    5.82891e+00
     Coulomb-14        LJ (SR)   Coulomb (SR)   Coul. recip.      Potential
   -1.77532e+04    1.27653e+04   -1.53164e+06    1.70196e+03   -1.49156e+06
    Kinetic En.   Total Energy  Conserved En.    Temperature Pressure (bar)
    3.83992e+04   -1.45317e+06   -1.44989e+06    2.89440e+02   -1.12415e+03
   Constr. rmsd
    1.27554e-06


DD  step 599  vol min/aver 0.917  load imb.: force  9.0%
           Step           Time
            600        0.60000

   Energies (kJ/mol)
           Bond          Angle            U-B    Proper Dih.          LJ-14
    3.17983e+04    9.16831e+03    1.53685e+03    9.05112e+02    9.56269e+00
     Coulomb-14        LJ (SR)   Coulomb (SR)   Coul. recip.      Potential
   -1.78159e+04    1.21081e+04   -1.53155e+06    1.70460e+03   -1.49214e+06
    Kinetic En.   Total Energy  Conserved En.    Temperature Pressure (bar)
    3.89277e+04   -1.45321e+06   -1.44988e+06    2.93424e+02   -1.04902e+03
   Constr. rmsd
    1.25363e-06

